<?xml version="1.0" encoding="UTF-8"?>
<!-- Generated by org.testng.reporters.JUnitReportReporter -->
<testsuite hostname="DESKTOP-9B3BV7M" failures="0" tests="1" name="restAssured.APITests" time="0.017" errors="0" timestamp="2023-11-07T20:07:48 EST" skipped="0">
  <testcase classname="restAssured.APITests" name="createUserHM" time="0.017"/>
</testsuite> <!-- restAssured.APITests -->
