<?xml version="1.0" encoding="UTF-8"?>
<!-- Generated by org.testng.reporters.JUnitReportReporter -->
<testsuite hostname="DESKTOP-9B3BV7M" failures="0" tests="1" name="restAssured.API" time="3.377" errors="0" timestamp="2023-11-05T12:06:11 EST" skipped="0">
  <testcase classname="restAssured.API" name="updateUser" time="3.377"/>
</testsuite> <!-- restAssured.API -->
