<?xml version="1.0" encoding="UTF-8"?>
<!-- Generated by org.testng.reporters.JUnitReportReporter -->
<testsuite hostname="DESKTOP-9B3BV7M" failures="0" tests="4" name="restAssured.APITests" time="3.344" errors="0" timestamp="2023-11-05T14:16:20 EST" skipped="0">
  <testcase classname="restAssured.APITests" name="createUserORG" time="0.001"/>
  <testcase classname="restAssured.APITests" name="createUserPojo" time="0.001"/>
  <testcase classname="restAssured.APITests" name="createUserExternalJSON" time="3.341"/>
  <testcase classname="restAssured.APITests" name="createUserHM" time="0.001"/>
</testsuite> <!-- restAssured.APITests -->
