<?xml version="1.0" encoding="UTF-8"?>
<!-- Generated by org.testng.reporters.JUnitReportReporter -->
<testsuite hostname="DESKTOP-9B3BV7M" failures="0" tests="4" name="restAssured.Postman" time="4.606" errors="0" timestamp="2023-10-30T22:48:34 EDT" skipped="0">
  <testcase classname="restAssured.Postman" name="deleteUsers" time="0.330"/>
  <testcase classname="restAssured.Postman" name="updateUsers" time="0.284"/>
  <testcase classname="restAssured.Postman" name="createUsers" time="3.816"/>
  <testcase classname="restAssured.Postman" name="getUsers" time="0.176"/>
</testsuite> <!-- restAssured.Postman -->
