<?xml version="1.0" encoding="UTF-8"?>
<!-- Generated by org.testng.reporters.JUnitReportReporter -->
<testsuite hostname="DESKTOP-9B3BV7M" failures="0" tests="1" name="restAssured.NewCase" time="3.871" errors="0" timestamp="2023-11-03T16:06:10 EDT" skipped="0">
  <testcase classname="restAssured.NewCase" name="getUsers" time="3.871"/>
</testsuite> <!-- restAssured.NewCase -->
