<?xml version="1.0" encoding="UTF-8"?>
<!-- Generated by org.testng.reporters.JUnitReportReporter -->
<testsuite hostname="DESKTOP-9B3BV7M" failures="0" tests="1" name="restAssured.APITestCases" time="2.956" errors="0" timestamp="2023-11-14T17:16:52 EST" skipped="0">
  <testcase classname="restAssured.APITestCases" name="testCase4" time="2.956"/>
</testsuite> <!-- restAssured.APITestCases -->
