<?xml version="1.0" encoding="UTF-8"?>
<!-- Generated by org.testng.reporters.JUnitReportReporter -->
<testsuite hostname="DESKTOP-9B3BV7M" failures="0" tests="1" name="restAssured.APITestCases" time="2.934" errors="0" timestamp="2023-11-11T22:09:01 EST" skipped="0">
  <testcase classname="restAssured.APITestCases" name="TestCaseThree" time="2.934"/>
</testsuite> <!-- restAssured.APITestCases -->
