<?xml version="1.0" encoding="UTF-8"?>
<!-- Generated by org.testng.reporters.JUnitReportReporter -->
<testsuite hostname="DESKTOP-9B3BV7M" failures="0" tests="1" name="restAssured.APIReqres" time="2.544" errors="0" timestamp="2023-11-09T19:16:10 EST" skipped="0">
  <testcase classname="restAssured.APIReqres" name="testQueryandPathparameters" time="2.544"/>
</testsuite> <!-- restAssured.APIReqres -->
