<?xml version="1.0" encoding="UTF-8"?>
<!-- Generated by org.testng.reporters.JUnitReportReporter -->
<testsuite hostname="DESKTOP-9B3BV7M" failures="0" tests="1" name="restAssured.API" time="5.568" errors="0" timestamp="2023-11-07T20:07:18 EST" skipped="0">
  <testcase classname="restAssured.API" name="updateUser" time="5.568"/>
</testsuite> <!-- restAssured.API -->
