<?xml version="1.0" encoding="UTF-8"?>
<!-- Generated by org.testng.reporters.JUnitReportReporter -->
<testsuite hostname="DESKTOP-9B3BV7M" failures="0" tests="4" name="restAssured.APITesting" time="7.516" errors="0" timestamp="2023-11-09T20:08:17 EST" skipped="0">
  <testcase classname="restAssured.APITesting" name="getRequestTest" time="3.973"/>
  <testcase classname="restAssured.APITesting" name="postRequestTest" time="1.586"/>
  <testcase classname="restAssured.APITesting" name="putRequestTest" time="0.986"/>
  <testcase classname="restAssured.APITesting" name="deleteRequestTest" time="0.971"/>
</testsuite> <!-- restAssured.APITesting -->
